<?xml version="1.0" encoding="UTF-8"?>
<!-- Generated by org.testng.reporters.JUnitReportReporter -->
<testsuite hostname="DESKTOP-7PT5OTH" failures="0" tests="1" name="Selenium.selenium" time="26.750" errors="0" timestamp="2024-04-24T13:26:27 IST" skipped="0">
  <testcase classname="Selenium.selenium" name="login" time="26.750"/>
</testsuite> <!-- Selenium.selenium -->
